<?xml version="1.0" encoding="utf-8"?><testsuites name="pytest tests"><testsuite name="pytest" errors="0" failures="0" skipped="0" tests="39" time="4.397" timestamp="2026-09-03T15:55:47.949073-04:00" hostname="login009"><testcase classname="tests.test_pipeline_report" name="test_source_ids_unique" time="0.001" /><testcase classname="tests.test_pipeline_report" name="test_quantity_ids_unique_and_provenance_canonical" time="0.001" /><testcase classname="tests.test_pipeline_report" name="test_required_glossary_quantities_present" time="0.001" /><testcase classname="tests.test_pipeline_report" name="test_unavailable_not_given_a_proxy_source" time="0.001" /><testcase classname="tests.test_pipeline_report" name="test_model_ids_unique_and_classes_canonical" time="0.001" /><testcase classname="tests.test_pipeline_report" name="test_electricity_closure_not_labeled_prediction" time="0.001" /><testcase classname="tests.test_pipeline_report" name="test_required_report_artifacts_if_built" time="0.064" /><testcase classname="tests.test_pipeline_report" name="test_lineage_edges_reference_canonical_ids_and_no_duplicates" time="0.002" /><testcase classname="tests.test_pipeline_report" name="test_implemented_quantities_have_valid_boundary_id" time="0.001" /><testcase classname="tests.test_pipeline_report" name="test_parameter_registry_includes_graybox_and_unused_return_air" time="0.000" /><testcase classname="tests.test_pipeline_report" name="test_validation_terminology_in_scorecard_if_built" time="0.009" /><testcase classname="tests.test_pipeline_report" name="test_not_necessary_is_distinct_from_missing_and_figure1_uses_both" time="1.125" /><testcase classname="tests.test_pipeline_report" name="test_full_rebuilds_conditional_before_public_extensions" time="0.004" /><testcase classname="tests.test_pipeline_report" name="test_catalog_does_not_hardcode_fitted_results" time="0.004" /><testcase classname="tests.test_pipeline_report" name="test_result_claims_match_canonical_artifacts_if_present" time="0.081" /><testcase classname="tests.test_pipeline_report" name="test_markdown_report_uses_live_result_claims_if_built" time="0.008" /><testcase classname="tests.test_pipeline_report" name="test_consistency_audit_fails_on_deliberate_disagreement" time="0.052" /><testcase classname="tests.test_pipeline_report" name="test_figure2_timeline_preserves_same_year_source_events" time="0.080" /><testcase classname="tests.test_pipeline_report" name="test_figure3_display_selection_keeps_full_audit_csv" time="0.009" /><testcase classname="tests.test_pipeline_report" name="test_figure1_user_facing_weather_and_meter_gap_rows" time="0.002" /><testcase classname="tests.test_city_prineville_utility" name="test_unit_conversions" time="0.001" /><testcase classname="tests.test_city_prineville_utility" name="test_meter_ids_preserve_leading_zeros" time="0.001" /><testcase classname="tests.test_city_prineville_utility" name="test_city_service_definition_excludes_unresolved_channels" time="0.001" /><testcase classname="tests.test_city_prineville_utility" name="test_parser_repeated_blocks_and_ids" time="0.300" /><testcase classname="tests.test_city_prineville_utility" name="test_zero_missing_not_observed_distinction" time="0.022" /><testcase classname="tests.test_city_prineville_utility" name="test_city_service_aggregate_exclusions_and_2026_partial" time="0.034" /><testcase classname="tests.test_city_prineville_utility" name="test_annual_total_arithmetic_and_documented_anomalies" time="0.024" /><testcase classname="tests.test_city_prineville_utility" name="test_bulk_dates_not_shifted_to_consumption_month" time="0.005" /><testcase classname="tests.test_city_prineville_utility" name="test_lineage_leading_1_not_silently_normalized" time="0.022" /><testcase classname="tests.test_city_prineville_utility" name="test_canonical_meta_annual_benchmark_protection" time="0.005" /><testcase classname="tests.test_city_prineville_utility" name="test_source_boundary_guards" time="0.005" /><testcase classname="tests.test_city_prineville_utility" name="test_promotion_gate_and_no_total_campus_water_product" time="0.003" /><testcase classname="tests.test_city_prineville_utility" name="test_water_command_includes_city_utility_dependencies" time="0.004" /><testcase classname="tests.test_city_prineville_utility" name="test_common_support_metrics_use_identical_rows" time="0.021" /><testcase classname="tests.test_city_prineville_utility" name="test_common_support_output_n_identical_across_models" time="0.016" /><testcase classname="tests.test_city_prineville_utility" name="test_processed_swr_direction_unknown_and_latest_observed_month" time="0.023" /><testcase classname="tests.test_city_prineville_utility" name="test_duplicate_csv_is_not_a_scientific_source" time="0.007" /><testcase classname="tests.test_city_prineville_utility" name="test_annual_reconciliation_share_diagnostics_and_no_total_campus" time="0.004" /><testcase classname="tests.test_city_prineville_utility" name="test_canonical_meta_annual_hash_constant" time="0.003" /></testsuite></testsuites>